
ROM used:   805/8192 (10%)
            805/8192 (10%) including unused fragments

            1.1 Average locations per line
            73.2 Average locations per statement

RAM used:   5/368 (1%) at main() level
            32/368 (9%) worst case

Stack used: 2 worst case (2 in main + 0 for interrupts)
Stack size: 8

Lines Stmts  %   Files
----- ----- ---  -----
   69    11 100  Servo1.c
  674     0   0  ..\..\..\..\..\..\Program Files (x86)\PICC\Devices\16f877a.h
----- -----
  743    11 Total

Page ROM  %  RAM    Vol Diff  Functions:
---- --- --- ---    --- ----  ----------
0     17   2    1             @delay_us1
0    763  95   11    311  5.6  gira
 Inline        13    167  1.8  @MULFF
 Inline        14             @DIVFF
 Inline        16    149  1.8  @ADDFF
 Inline         4             @SFTOI
0     21   3    0     32  1.2  main
 Inline         0             @cinit1

Program metrics:
    Functions               4
    Statements              11
    Comments                174
    Volume (V)              919
    Difficulty (D)          10.1
    Effort to implement (E) 9244
    Time to implement (T)   9 minutes
    Est Delivered Bugs (B)  0
    Cyclomatic Complexity   1
    Maintainability (MI)    91

 Segment     Used  Free
-----------  ----  ----
00000-00003     4  0  
00004-007FF   801  1243  
00800-00FFF     0  2048  
01000-017FF     0  2048  
01800-01FFF     0  2048  



