
ROM used:   182/8192 (2%)
            182/8192 (2%) including unused fragments

            0.2 Average locations per line
            3.7 Average locations per statement

RAM used:   8/368 (2%) at main() level
            9/368 (2%) worst case

Stack used: 1 worst case (1 in main + 0 for interrupts)
Stack size: 8

Lines Stmts  %   Files
----- ----- ---  -----
   87    49 100  MovimientoMotoresOK.c
  672     0   0  ..\..\..\..\..\..\..\..\Program Files\PICC\Devices\16F877A.h
----- -----
  759    49 Total

Page ROM  %  RAM    Vol Diff  Functions:
---- --- --- ---    --- ----  ----------
0     21  12    1             @delay_ms1
0     49  27    1    228  1.8  configuracion
0    108  59    1    971  3.4  MAIN
 Inline         0             @cinit1

Program metrics:
    Functions               2
    Statements              49
    Comments                175
    Volume (V)              1364
    Difficulty (D)          5.2
    Effort to implement (E) 7040
    Time to implement (T)   7 minutes
    Est Delivered Bugs (B)  0
    Cyclomatic Complexity   7
    Maintainability (MI)    131

 Segment     Used  Free
-----------  ----  ----
00000-00003     4  0  
00004-007FF   178  1866  
00800-00FFF     0  2048  
01000-017FF     0  2048  
01800-01FFF     0  2048  



