
ROM used:   729/8192 (9%)
            729/8192 (9%) including unused fragments

            0.9 Average locations per line
            66.3 Average locations per statement

RAM used:   12/368 (3%) at main() level
            37/368 (10%) worst case

Stack used: 1 worst case (1 in main + 0 for interrupts)
Stack size: 8

Lines Stmts  %   Files
----- ----- ---  -----
   30    11 100  serial_PIC.c
  786     0   0  ..\..\..\..\..\Program Files (x86)\PICC\Devices\16f887.h
----- -----
  816    11 Total

Page ROM  %  RAM    Vol Diff  Functions:
---- --- --- ---    --- ----  ----------
0     21   3    1             @delay_ms1
0    143  20    1    235  2.9  main
0     31   4    2             @ITOF
0    117  16   13             @MULFF
0     15   2    0             @const659
0     89  12    5             @PSTRINGCN7_9600_62_63
 Inline         5             @FTOSD
0     79  11   13             @DIV3232
0    230  32   13             @PRINTF_L32D_9600_62_63FPFPF
 Inline         0             @cinit1

Program metrics:
    Functions               1
    Statements              11
    Comments                144
    Volume (V)              252
    Difficulty (D)          2.2
    Effort to implement (E) 544
    Time to implement (T)   1 minutes
    Est Delivered Bugs (B)  0
    Cyclomatic Complexity   1
    Maintainability (MI)    90

 Segment     Used  Free
-----------  ----  ----
00000-00003     4  0  
00004-007FF   725  1319  
00800-00FFF     0  2048  
01000-017FF     0  2048  
01800-01FFF     0  2048  



