
ROM used:   689/8192 (8%)
            689/8192 (8%) including unused fragments

            0.6 Average locations per line
            7.3 Average locations per statement

RAM used:   23/368 (6%) at main() level
            48/368 (13%) worst case

Stack used: 7 worst case (3 in main + 4 for interrupts)
Stack size: 8

Lines Stmts  %   Files
----- ----- ---  -----
   73    11  12  prueba.c
  684     0   0  ..\..\..\..\..\..\..\..\..\..\Descargas\Programas\CCS Compiler v5.076 Full\PICC\Devices\16f877A.h
  456    84  88  ..\..\..\..\..\..\..\..\..\..\Descargas\Programas\CCS Compiler v5.076 Full\PICC\Drivers\lcd.c
----- -----
 1213    95 Total

Page ROM  %  RAM    Vol Diff  Functions:
---- --- --- ---    --- ----  ----------
0     21   3    1             @delay_ms1
 Inline         3    596  5.9  lcd_read_byte
 Inline         0     59  4.2  lcd_read_nibble
0     16   2    1    179  3.3  lcd_send_nibble
0     74  11    3    460  4.7  lcd_send_byte
 Inline         6    814  7.2  lcd_init
 Inline         4    208  6.3  lcd_gotoxy
0     76  11    1    354  4.7  lcd_putc
0     11   2    0     61  1.9  serie
0    103  15    0     48  1.1  configuracion
0     64   9    1    110  2.0  MAIN
0      8   1    0             @const690
0    101  15    5             @PSTRINGCN7_666
0     21   3    3     61  1.9  @DIV88
0    113  16    6             @PRINTF_D_666
 Inline         0     61  1.9  @cinit1

Program metrics:
    Functions               12
    Statements              95
    Comments                263
    Volume (V)              4845
    Difficulty (D)          45.0
    Effort to implement (E) 217938
    Time to implement (T)   3 hours, 22 minutes
    Est Delivered Bugs (B)  1
    Cyclomatic Complexity   8
    Maintainability (MI)    147

 Segment     Used  Free
-----------  ----  ----
00000-00003     4  0  
00004-00050    77  0  
00051-007FF   608  1359  
00800-00FFF     0  2048  
01000-017FF     0  2048  
01800-01FFF     0  2048  



