
ROM used:   486/8192 (6%)
            486/8192 (6%) including unused fragments

            0.4 Average locations per line
            5.2 Average locations per statement

RAM used:   20/368 (5%) at main() level
            41/368 (11%) worst case

Stack used: 8 worst case (3 in main + 5 for interrupts)
Stack size: 8

Lines Stmts  %   Files
----- ----- ---  -----
   42     9  10  Comunicación Serie.c
  684     0   0  C:\Program Files (x86)\PICC\Devices\16F877A.h
  456    84  90  C:\Program Files (x86)\PICC\Drivers\lcd.c
----- -----
 1182    93 Total

Page ROM  %  RAM    Vol Diff  Functions:
---- --- --- ---    --- ----  ----------
0     21   4    1             @delay_ms1
0     34   7    3    596  5.9  lcd_read_byte
0      6   1    0     59  4.2  lcd_read_nibble
0     12   2    1    179  3.3  lcd_send_nibble
0     32   7    3    460  4.7  lcd_send_byte
 Inline         6    814  7.2  lcd_init
0     18   4    4    208  6.3  lcd_gotoxy
 Inline         1    354  4.7  lcd_putc
0     53  11    0     61  1.9  serie
 Inline         0     48  1.1  configuracion
0    131  27    0     50  1.3  MAIN
0      8   2    0             @const685
0     90  19    4             @PSTRINGC7_9600_62_63
 Inline         0             @cinit1

Program metrics:
    Functions               10
    Statements              93
    Comments                252
    Volume (V)              4393
    Difficulty (D)          40.1
    Effort to implement (E) 175964
    Time to implement (T)   2 hours, 43 minutes
    Est Delivered Bugs (B)  1
    Cyclomatic Complexity   8
    Maintainability (MI)    153

 Segment     Used  Free
-----------  ----  ----
00000-00003     4  0  
00004-00050    77  0  
00051-007FF   405  1562  
00800-00FFF     0  2048  
01000-017FF     0  2048  
01800-01FFF     0  2048  



